<?xml version="1.0" encoding="utf-8"?><testsuites name="pytest tests"><testsuite name="pytest" errors="0" failures="0" skipped="0" tests="8" time="2.725" timestamp="2026-05-19T18:34:21.784742+00:00" hostname="agent-env-40ba1f76-4588-4696-af90-822dd4495343"><testcase classname="backend.tests.test_e5_iteration3.TestProfil" name="test_get_profil_structure" time="0.179" /><testcase classname="backend.tests.test_e5_iteration3.TestProfil" name="test_post_profil_persists" time="0.501" /><testcase classname="backend.tests.test_e5_iteration3.TestAttestations" name="test_get_attestations_returns_list" time="0.104" /><testcase classname="backend.tests.test_e5_iteration3.TestAttestations" name="test_upload_and_delete_attestation_annee1" time="0.583" /><testcase classname="backend.tests.test_e5_iteration3.TestCompetencesEnrichies" name="test_data_includes_sous_competences_and_indicateurs" time="0.178" /><testcase classname="backend.tests.test_e5_iteration3.TestCompetencesEnrichies" name="test_data_includes_profil_and_attestations" time="0.121" /><testcase classname="backend.tests.test_e5_iteration3.TestRealisationsE5" name="test_create_with_new_fields_persists" time="0.459" /><testcase classname="backend.tests.test_e5_iteration3.TestRealisationsE5" name="test_update_new_fields" time="0.519" /></testsuite></testsuites>