<?xml version="1.0" encoding="utf-8"?><testsuites name="pytest tests"><testsuite name="pytest" errors="0" failures="0" skipped="0" tests="10" time="0.146" timestamp="2026-05-19T18:11:23.955524+00:00" hostname="agent-env-40ba1f76-4588-4696-af90-822dd4495343"><testcase classname="backend.tests.backend_test.TestHomepage" name="test_home_html_returns_200" time="0.005" /><testcase classname="backend.tests.backend_test.TestReadOnly" name="test_get_data_structure" time="0.003" /><testcase classname="backend.tests.backend_test.TestReadOnly" name="test_get_competences" time="0.002" /><testcase classname="backend.tests.backend_test.TestSectionsContenus" name="test_update_section_persists" time="0.008" /><testcase classname="backend.tests.backend_test.TestSectionsContenus" name="test_upsert_contenu" time="0.007" /><testcase classname="backend.tests.backend_test.TestRealisations" name="test_create" time="0.002" /><testcase classname="backend.tests.backend_test.TestRealisations" name="test_update" time="0.005" /><testcase classname="backend.tests.backend_test.TestRealisations" name="test_link_competence_and_unlink" time="0.010" /><testcase classname="backend.tests.backend_test.TestRealisations" name="test_upload_preuve_and_serve" time="0.010" /><testcase classname="backend.tests.backend_test.TestRealisations" name="test_delete_cascade" time="0.011" /></testsuite></testsuites>