<?xml version="1.0" encoding="utf-8"?><testsuites name="pytest tests"><testsuite name="pytest" errors="4" failures="2" skipped="0" tests="18" time="4.243" timestamp="2026-05-19T18:34:29.603724+00:00" hostname="agent-env-40ba1f76-4588-4696-af90-822dd4495343"><testcase classname="backend.tests.backend_test.TestHomepage" name="test_home_html_returns_200" time="0.154" /><testcase classname="backend.tests.backend_test.TestReadOnly" name="test_get_data_structure" time="0.108"><failure message="AssertionError: assert 9 == 6&#10; +  where 9 = len([{'code': 'profil', 'date_modif': '2026-05-19 18:25:46', 'id': 7, 'ordre': 0, ...}, {'code': 'hero', 'date_modif': '2026-05-19 18:25:52', 'id': 1, 'ordre': 1, ...}, {'code': 'apropos', 'date_modif': '2026-05-19 18:06:08', 'id': 2, 'ordre': 2, ...}, {'code': 'realisations', 'date_modif': '2026-05-19 18:06:08', 'id': 3, 'ordre': 3, ...}, {'code': 'synthese', 'date_modif': '2026-05-19 18:25:46', 'id': 8, 'ordre': 4, ...}, {'code': 'attestations', 'date_modif': '2026-05-19 18:25:46', 'id': 9, 'ordre': 5, ...}, ...])">backend/tests/backend_test.py:54: in test_get_data_structure
    assert len(data["sections"]) == 6
E   AssertionError: assert 9 == 6
E    +  where 9 = len([{'code': 'profil', 'date_modif': '2026-05-19 18:25:46', 'id': 7, 'ordre': 0, ...}, {'code': 'hero', 'date_modif': '2026-05-19 18:25:52', 'id': 1, 'ordre': 1, ...}, {'code': 'apropos', 'date_modif': '2026-05-19 18:06:08', 'id': 2, 'ordre': 2, ...}, {'code': 'realisations', 'date_modif': '2026-05-19 18:06:08', 'id': 3, 'ordre': 3, ...}, {'code': 'synthese', 'date_modif': '2026-05-19 18:25:46', 'id': 8, 'ordre': 4, ...}, {'code': 'attestations', 'date_modif': '2026-05-19 18:25:46', 'id': 9, 'ordre': 5, ...}, ...])</failure></testcase><testcase classname="backend.tests.backend_test.TestReadOnly" name="test_get_competences" time="0.110" /><testcase classname="backend.tests.backend_test.TestSectionsContenus" name="test_update_section_persists" time="0.487" /><testcase classname="backend.tests.backend_test.TestSectionsContenus" name="test_upsert_contenu" time="0.498" /><testcase classname="backend.tests.backend_test.TestRealisations" name="test_create" time="0.125"><error message="failed on setup with &quot;AssertionError: &lt;h1&gt;Erreur serveur&lt;/h1&gt;&lt;pre&gt;SQLSTATE[23000]: Integrity constraint violation: 1048 Column &amp;#039;categorie&amp;#039; cannot be null&lt;/pre&gt;&lt;script&gt;(function(){function c(){var b=a.contentDocument||a.contentWindow.document;if(b){var d=b.createElement('script');d.innerHTML=&quot;window.__CF$cv$params={r:'9fe532385f0db834',t:'MTc3OTIxNTY3MQ=='};var a=document.createElement('script');a.src='/cdn-cgi/challenge-platform/scripts/jsd/main.js';document.getElementsByTagName('head')[0].appendChild(a);&quot;;b.getElementsByTagName('head')[0].appendChild(d)}}if(document.body){var a=document.createElement('iframe');a.height=1;a.width=1;a.style.position='absolute';a.style.top=0;a.style.left=0;a.style.border='none';a.style.visibility='hidden';document.body.appendChild(a);if('loading'!==document.readyState)c();else if(window.addEventListener)document.addEventListener('DOMContentLoaded',c);else{var e=document.onreadystatechange||function(){};document.onreadystatechange=function(b){e(b);'loading'!==document.readyState&amp;&amp;(document.onreadystatechange=e,c())}}}})();&lt;/script&gt;&#10;assert 500 == 200&#10; +  where 500 = &lt;Response [500]&gt;.status_code&quot;">backend/tests/backend_test.py:134: in created_realisation
    assert r.status_code == 200, r.text
E   AssertionError: &lt;h1&gt;Erreur serveur&lt;/h1&gt;&lt;pre&gt;SQLSTATE[23000]: Integrity constraint violation: 1048 Column &amp;#039;categorie&amp;#039; cannot be null&lt;/pre&gt;&lt;script&gt;(function(){function c(){var b=a.contentDocument||a.contentWindow.document;if(b){var d=b.createElement('script');d.innerHTML="window.__CF$cv$params={r:'9fe532385f0db834',t:'MTc3OTIxNTY3MQ=='};var a=document.createElement('script');a.src='/cdn-cgi/challenge-platform/scripts/jsd/main.js';document.getElementsByTagName('head')[0].appendChild(a);";b.getElementsByTagName('head')[0].appendChild(d)}}if(document.body){var a=document.createElement('iframe');a.height=1;a.width=1;a.style.position='absolute';a.style.top=0;a.style.left=0;a.style.border='none';a.style.visibility='hidden';document.body.appendChild(a);if('loading'!==document.readyState)c();else if(window.addEventListener)document.addEventListener('DOMContentLoaded',c);else{var e=document.onreadystatechange||function(){};document.onreadystatechange=function(b){e(b);'loading'!==document.readyState&amp;&amp;(document.onreadystatechange=e,c())}}}})();&lt;/script&gt;
E   assert 500 == 200
E    +  where 500 = &lt;Response [500]&gt;.status_code</error></testcase><testcase classname="backend.tests.backend_test.TestRealisations" name="test_update" time="0.000"><error message="failed on setup with &quot;AssertionError: &lt;h1&gt;Erreur serveur&lt;/h1&gt;&lt;pre&gt;SQLSTATE[23000]: Integrity constraint violation: 1048 Column &amp;#039;categorie&amp;#039; cannot be null&lt;/pre&gt;&lt;script&gt;(function(){function c(){var b=a.contentDocument||a.contentWindow.document;if(b){var d=b.createElement('script');d.innerHTML=&quot;window.__CF$cv$params={r:'9fe532385f0db834',t:'MTc3OTIxNTY3MQ=='};var a=document.createElement('script');a.src='/cdn-cgi/challenge-platform/scripts/jsd/main.js';document.getElementsByTagName('head')[0].appendChild(a);&quot;;b.getElementsByTagName('head')[0].appendChild(d)}}if(document.body){var a=document.createElement('iframe');a.height=1;a.width=1;a.style.position='absolute';a.style.top=0;a.style.left=0;a.style.border='none';a.style.visibility='hidden';document.body.appendChild(a);if('loading'!==document.readyState)c();else if(window.addEventListener)document.addEventListener('DOMContentLoaded',c);else{var e=document.onreadystatechange||function(){};document.onreadystatechange=function(b){e(b);'loading'!==document.readyState&amp;&amp;(document.onreadystatechange=e,c())}}}})();&lt;/script&gt;&#10;assert 500 == 200&#10; +  where 500 = &lt;Response [500]&gt;.status_code&quot;">backend/tests/backend_test.py:134: in created_realisation
    assert r.status_code == 200, r.text
E   AssertionError: &lt;h1&gt;Erreur serveur&lt;/h1&gt;&lt;pre&gt;SQLSTATE[23000]: Integrity constraint violation: 1048 Column &amp;#039;categorie&amp;#039; cannot be null&lt;/pre&gt;&lt;script&gt;(function(){function c(){var b=a.contentDocument||a.contentWindow.document;if(b){var d=b.createElement('script');d.innerHTML="window.__CF$cv$params={r:'9fe532385f0db834',t:'MTc3OTIxNTY3MQ=='};var a=document.createElement('script');a.src='/cdn-cgi/challenge-platform/scripts/jsd/main.js';document.getElementsByTagName('head')[0].appendChild(a);";b.getElementsByTagName('head')[0].appendChild(d)}}if(document.body){var a=document.createElement('iframe');a.height=1;a.width=1;a.style.position='absolute';a.style.top=0;a.style.left=0;a.style.border='none';a.style.visibility='hidden';document.body.appendChild(a);if('loading'!==document.readyState)c();else if(window.addEventListener)document.addEventListener('DOMContentLoaded',c);else{var e=document.onreadystatechange||function(){};document.onreadystatechange=function(b){e(b);'loading'!==document.readyState&amp;&amp;(document.onreadystatechange=e,c())}}}})();&lt;/script&gt;
E   assert 500 == 200
E    +  where 500 = &lt;Response [500]&gt;.status_code</error></testcase><testcase classname="backend.tests.backend_test.TestRealisations" name="test_link_competence_and_unlink" time="0.000"><error message="failed on setup with &quot;AssertionError: &lt;h1&gt;Erreur serveur&lt;/h1&gt;&lt;pre&gt;SQLSTATE[23000]: Integrity constraint violation: 1048 Column &amp;#039;categorie&amp;#039; cannot be null&lt;/pre&gt;&lt;script&gt;(function(){function c(){var b=a.contentDocument||a.contentWindow.document;if(b){var d=b.createElement('script');d.innerHTML=&quot;window.__CF$cv$params={r:'9fe532385f0db834',t:'MTc3OTIxNTY3MQ=='};var a=document.createElement('script');a.src='/cdn-cgi/challenge-platform/scripts/jsd/main.js';document.getElementsByTagName('head')[0].appendChild(a);&quot;;b.getElementsByTagName('head')[0].appendChild(d)}}if(document.body){var a=document.createElement('iframe');a.height=1;a.width=1;a.style.position='absolute';a.style.top=0;a.style.left=0;a.style.border='none';a.style.visibility='hidden';document.body.appendChild(a);if('loading'!==document.readyState)c();else if(window.addEventListener)document.addEventListener('DOMContentLoaded',c);else{var e=document.onreadystatechange||function(){};document.onreadystatechange=function(b){e(b);'loading'!==document.readyState&amp;&amp;(document.onreadystatechange=e,c())}}}})();&lt;/script&gt;&#10;assert 500 == 200&#10; +  where 500 = &lt;Response [500]&gt;.status_code&quot;">backend/tests/backend_test.py:134: in created_realisation
    assert r.status_code == 200, r.text
E   AssertionError: &lt;h1&gt;Erreur serveur&lt;/h1&gt;&lt;pre&gt;SQLSTATE[23000]: Integrity constraint violation: 1048 Column &amp;#039;categorie&amp;#039; cannot be null&lt;/pre&gt;&lt;script&gt;(function(){function c(){var b=a.contentDocument||a.contentWindow.document;if(b){var d=b.createElement('script');d.innerHTML="window.__CF$cv$params={r:'9fe532385f0db834',t:'MTc3OTIxNTY3MQ=='};var a=document.createElement('script');a.src='/cdn-cgi/challenge-platform/scripts/jsd/main.js';document.getElementsByTagName('head')[0].appendChild(a);";b.getElementsByTagName('head')[0].appendChild(d)}}if(document.body){var a=document.createElement('iframe');a.height=1;a.width=1;a.style.position='absolute';a.style.top=0;a.style.left=0;a.style.border='none';a.style.visibility='hidden';document.body.appendChild(a);if('loading'!==document.readyState)c();else if(window.addEventListener)document.addEventListener('DOMContentLoaded',c);else{var e=document.onreadystatechange||function(){};document.onreadystatechange=function(b){e(b);'loading'!==document.readyState&amp;&amp;(document.onreadystatechange=e,c())}}}})();&lt;/script&gt;
E   assert 500 == 200
E    +  where 500 = &lt;Response [500]&gt;.status_code</error></testcase><testcase classname="backend.tests.backend_test.TestRealisations" name="test_upload_preuve_and_serve" time="0.000"><error message="failed on setup with &quot;AssertionError: &lt;h1&gt;Erreur serveur&lt;/h1&gt;&lt;pre&gt;SQLSTATE[23000]: Integrity constraint violation: 1048 Column &amp;#039;categorie&amp;#039; cannot be null&lt;/pre&gt;&lt;script&gt;(function(){function c(){var b=a.contentDocument||a.contentWindow.document;if(b){var d=b.createElement('script');d.innerHTML=&quot;window.__CF$cv$params={r:'9fe532385f0db834',t:'MTc3OTIxNTY3MQ=='};var a=document.createElement('script');a.src='/cdn-cgi/challenge-platform/scripts/jsd/main.js';document.getElementsByTagName('head')[0].appendChild(a);&quot;;b.getElementsByTagName('head')[0].appendChild(d)}}if(document.body){var a=document.createElement('iframe');a.height=1;a.width=1;a.style.position='absolute';a.style.top=0;a.style.left=0;a.style.border='none';a.style.visibility='hidden';document.body.appendChild(a);if('loading'!==document.readyState)c();else if(window.addEventListener)document.addEventListener('DOMContentLoaded',c);else{var e=document.onreadystatechange||function(){};document.onreadystatechange=function(b){e(b);'loading'!==document.readyState&amp;&amp;(document.onreadystatechange=e,c())}}}})();&lt;/script&gt;&#10;assert 500 == 200&#10; +  where 500 = &lt;Response [500]&gt;.status_code&quot;">backend/tests/backend_test.py:134: in created_realisation
    assert r.status_code == 200, r.text
E   AssertionError: &lt;h1&gt;Erreur serveur&lt;/h1&gt;&lt;pre&gt;SQLSTATE[23000]: Integrity constraint violation: 1048 Column &amp;#039;categorie&amp;#039; cannot be null&lt;/pre&gt;&lt;script&gt;(function(){function c(){var b=a.contentDocument||a.contentWindow.document;if(b){var d=b.createElement('script');d.innerHTML="window.__CF$cv$params={r:'9fe532385f0db834',t:'MTc3OTIxNTY3MQ=='};var a=document.createElement('script');a.src='/cdn-cgi/challenge-platform/scripts/jsd/main.js';document.getElementsByTagName('head')[0].appendChild(a);";b.getElementsByTagName('head')[0].appendChild(d)}}if(document.body){var a=document.createElement('iframe');a.height=1;a.width=1;a.style.position='absolute';a.style.top=0;a.style.left=0;a.style.border='none';a.style.visibility='hidden';document.body.appendChild(a);if('loading'!==document.readyState)c();else if(window.addEventListener)document.addEventListener('DOMContentLoaded',c);else{var e=document.onreadystatechange||function(){};document.onreadystatechange=function(b){e(b);'loading'!==document.readyState&amp;&amp;(document.onreadystatechange=e,c())}}}})();&lt;/script&gt;
E   assert 500 == 200
E    +  where 500 = &lt;Response [500]&gt;.status_code</error></testcase><testcase classname="backend.tests.backend_test.TestRealisations" name="test_delete_cascade" time="0.114"><failure message="requests.exceptions.JSONDecodeError: Expecting value: line 1 column 1 (char 0)">/root/.venv/lib/python3.11/site-packages/requests/models.py:1116: in json
    return complexjson.loads(self.text, **kwargs)
           ^^^^^^^^^^^^^^^^^^^^^^^^^^^^^^^^^^^^^^
/usr/local/lib/python3.11/json/__init__.py:346: in loads
    return _default_decoder.decode(s)
           ^^^^^^^^^^^^^^^^^^^^^^^^^^
/usr/local/lib/python3.11/json/decoder.py:337: in decode
    obj, end = self.raw_decode(s, idx=_w(s, 0).end())
               ^^^^^^^^^^^^^^^^^^^^^^^^^^^^^^^^^^^^^^
/usr/local/lib/python3.11/json/decoder.py:355: in raw_decode
    raise JSONDecodeError("Expecting value", s, err.value) from None
E   json.decoder.JSONDecodeError: Expecting value: line 1 column 1 (char 0)

During handling of the above exception, another exception occurred:
backend/tests/backend_test.py:241: in test_delete_cascade
    rid = r.json()["id"]
          ^^^^^^^^
/root/.venv/lib/python3.11/site-packages/requests/models.py:1120: in json
    raise RequestsJSONDecodeError(e.msg, e.doc, e.pos)
E   requests.exceptions.JSONDecodeError: Expecting value: line 1 column 1 (char 0)</failure></testcase><testcase classname="backend.tests.test_e5_iteration3.TestProfil" name="test_get_profil_structure" time="0.111" /><testcase classname="backend.tests.test_e5_iteration3.TestProfil" name="test_post_profil_persists" time="0.473" /><testcase classname="backend.tests.test_e5_iteration3.TestAttestations" name="test_get_attestations_returns_list" time="0.108" /><testcase classname="backend.tests.test_e5_iteration3.TestAttestations" name="test_upload_and_delete_attestation_annee1" time="0.588" /><testcase classname="backend.tests.test_e5_iteration3.TestCompetencesEnrichies" name="test_data_includes_sous_competences_and_indicateurs" time="0.121" /><testcase classname="backend.tests.test_e5_iteration3.TestCompetencesEnrichies" name="test_data_includes_profil_and_attestations" time="0.154" /><testcase classname="backend.tests.test_e5_iteration3.TestRealisationsE5" name="test_create_with_new_fields_persists" time="0.442" /><testcase classname="backend.tests.test_e5_iteration3.TestRealisationsE5" name="test_update_new_fields" time="0.520" /></testsuite></testsuites>